<?xml version="1.0" encoding="UTF-8"?>
<!-- Generated by org.testng.reporters.JUnitReportReporter -->
<testsuite skipped="0" hostname="DESKTOP-F59FRBI" name="testcases.TC001_GetId" tests="1" failures="0" timestamp="2020-10-25T23:29:20 IST" time="41.714" errors="0">
  <testcase name="purchaseTicket" time="41.714" classname="testcases.TC001_GetId"/>
</testsuite> <!-- testcases.TC001_GetId -->
